
threadID: 1
ExeStack:
(v=10;(fork(((v=(v-1);v=(v-1));print(v)));(sleep(10);print((v*10)))))
SymbolTable:
Print output:
FileTable:
HeapTable:

threadID: 1
ExeStack:
(fork(((v=(v-1);v=(v-1));print(v)));(sleep(10);print((v*10))))
v=10
SymbolTable:
Print output:
FileTable:
HeapTable:

threadID: 1
ExeStack:
(fork(((v=(v-1);v=(v-1));print(v)));(sleep(10);print((v*10))))
v=10
SymbolTable:
Print output:
FileTable:
HeapTable:

threadID: 1
ExeStack:
(fork(((v=(v-1);v=(v-1));print(v)));(sleep(10);print((v*10))))
SymbolTable:
v --> 10
Print output:
FileTable:
HeapTable:

threadID: 1
ExeStack:
(fork(((v=(v-1);v=(v-1));print(v)));(sleep(10);print((v*10))))
SymbolTable:
v --> 10
Print output:
FileTable:
HeapTable:

threadID: 1
ExeStack:
(sleep(10);print((v*10)))
fork(((v=(v-1);v=(v-1));print(v)))
SymbolTable:
v --> 10
Print output:
FileTable:
HeapTable:

threadID: 1
ExeStack:
(sleep(10);print((v*10)))
fork(((v=(v-1);v=(v-1));print(v)))
SymbolTable:
v --> 10
Print output:
FileTable:
HeapTable:

threadID: 1
ExeStack:
(sleep(10);print((v*10)))
SymbolTable:
v --> 10
Print output:
FileTable:
HeapTable:

threadID: 2
ExeStack:
((v=(v-1);v=(v-1));print(v))
SymbolTable:
v --> 10
Print output:
FileTable:
HeapTable:

threadID: 1
ExeStack:
(sleep(10);print((v*10)))
SymbolTable:
v --> 10
Print output:
FileTable:
HeapTable:

threadID: 2
ExeStack:
((v=(v-1);v=(v-1));print(v))
SymbolTable:
v --> 10
Print output:
FileTable:
HeapTable:

threadID: 1
ExeStack:
print((v*10))
sleep(10)
SymbolTable:
v --> 10
Print output:
FileTable:
HeapTable:

threadID: 2
ExeStack:
print(v)
(v=(v-1);v=(v-1))
SymbolTable:
v --> 10
Print output:
FileTable:
HeapTable:

threadID: 1
ExeStack:
print((v*10))
sleep(10)
SymbolTable:
v --> 10
Print output:
FileTable:
HeapTable:

threadID: 2
ExeStack:
print(v)
(v=(v-1);v=(v-1))
SymbolTable:
v --> 10
Print output:
FileTable:
HeapTable:

threadID: 1
ExeStack:
print((v*10))
sleep(9)
SymbolTable:
v --> 10
Print output:
FileTable:
HeapTable:

threadID: 2
ExeStack:
print(v)
v=(v-1)
v=(v-1)
SymbolTable:
v --> 10
Print output:
FileTable:
HeapTable:

threadID: 1
ExeStack:
print((v*10))
sleep(9)
SymbolTable:
v --> 10
Print output:
FileTable:
HeapTable:

threadID: 2
ExeStack:
print(v)
v=(v-1)
v=(v-1)
SymbolTable:
v --> 10
Print output:
FileTable:
HeapTable:

threadID: 1
ExeStack:
print((v*10))
sleep(8)
SymbolTable:
v --> 10
Print output:
FileTable:
HeapTable:

threadID: 2
ExeStack:
print(v)
v=(v-1)
SymbolTable:
v --> 9
Print output:
FileTable:
HeapTable:

threadID: 1
ExeStack:
print((v*10))
sleep(8)
SymbolTable:
v --> 10
Print output:
FileTable:
HeapTable:

threadID: 2
ExeStack:
print(v)
v=(v-1)
SymbolTable:
v --> 9
Print output:
FileTable:
HeapTable:

threadID: 1
ExeStack:
print((v*10))
sleep(7)
SymbolTable:
v --> 10
Print output:
FileTable:
HeapTable:

threadID: 2
ExeStack:
print(v)
SymbolTable:
v --> 8
Print output:
FileTable:
HeapTable:

threadID: 1
ExeStack:
print((v*10))
sleep(7)
SymbolTable:
v --> 10
Print output:
FileTable:
HeapTable:

threadID: 2
ExeStack:
print(v)
SymbolTable:
v --> 8
Print output:
FileTable:
HeapTable:

threadID: 1
ExeStack:
print((v*10))
sleep(6)
SymbolTable:
v --> 10
Print output:
8
FileTable:
HeapTable:

threadID: 2
ExeStack:
SymbolTable:
v --> 8
Print output:
8
FileTable:
HeapTable:

threadID: 1
ExeStack:
print((v*10))
sleep(6)
SymbolTable:
v --> 10
Print output:
8
FileTable:
HeapTable:

threadID: 1
ExeStack:
print((v*10))
sleep(5)
SymbolTable:
v --> 10
Print output:
8
FileTable:
HeapTable:

threadID: 1
ExeStack:
print((v*10))
sleep(5)
SymbolTable:
v --> 10
Print output:
8
FileTable:
HeapTable:

threadID: 1
ExeStack:
print((v*10))
sleep(4)
SymbolTable:
v --> 10
Print output:
8
FileTable:
HeapTable:

threadID: 1
ExeStack:
print((v*10))
sleep(4)
SymbolTable:
v --> 10
Print output:
8
FileTable:
HeapTable:

threadID: 1
ExeStack:
print((v*10))
sleep(3)
SymbolTable:
v --> 10
Print output:
8
FileTable:
HeapTable:

threadID: 1
ExeStack:
print((v*10))
sleep(3)
SymbolTable:
v --> 10
Print output:
8
FileTable:
HeapTable:

threadID: 1
ExeStack:
print((v*10))
sleep(2)
SymbolTable:
v --> 10
Print output:
8
FileTable:
HeapTable:

threadID: 1
ExeStack:
print((v*10))
sleep(2)
SymbolTable:
v --> 10
Print output:
8
FileTable:
HeapTable:

threadID: 1
ExeStack:
print((v*10))
sleep(1)
SymbolTable:
v --> 10
Print output:
8
FileTable:
HeapTable:

threadID: 1
ExeStack:
print((v*10))
sleep(1)
SymbolTable:
v --> 10
Print output:
8
FileTable:
HeapTable:

threadID: 1
ExeStack:
print((v*10))
sleep(0)
SymbolTable:
v --> 10
Print output:
8
FileTable:
HeapTable:

threadID: 1
ExeStack:
print((v*10))
sleep(0)
SymbolTable:
v --> 10
Print output:
8
FileTable:
HeapTable:

threadID: 1
ExeStack:
print((v*10))
SymbolTable:
v --> 10
Print output:
8
FileTable:
HeapTable:

threadID: 1
ExeStack:
print((v*10))
SymbolTable:
v --> 10
Print output:
8
FileTable:
HeapTable:

threadID: 1
ExeStack:
SymbolTable:
v --> 10
Print output:
8
100
FileTable:
HeapTable:

