
threadID: 1
ExeStack:
(v=6;((while(v-4)(print(v);v=(v-1)));print(v)))
SymbolTable:
Print output:
FileTable:
HeapTable:

threadID: 1
ExeStack:
((while(v-4)(print(v);v=(v-1)));print(v))
v=6
SymbolTable:
Print output:
FileTable:
HeapTable:

threadID: 1
ExeStack:
((while(v-4)(print(v);v=(v-1)));print(v))
v=6
SymbolTable:
Print output:
FileTable:
HeapTable:

threadID: 1
ExeStack:
((while(v-4)(print(v);v=(v-1)));print(v))
SymbolTable:
v --> 6
Print output:
FileTable:
HeapTable:

threadID: 1
ExeStack:
((while(v-4)(print(v);v=(v-1)));print(v))
SymbolTable:
v --> 6
Print output:
FileTable:
HeapTable:

threadID: 1
ExeStack:
print(v)
(while(v-4)(print(v);v=(v-1)))
SymbolTable:
v --> 6
Print output:
FileTable:
HeapTable:

threadID: 1
ExeStack:
print(v)
(while(v-4)(print(v);v=(v-1)))
SymbolTable:
v --> 6
Print output:
FileTable:
HeapTable:

threadID: 1
ExeStack:
print(v)
(while(v-4)(print(v);v=(v-1)))
v=(v-1)
print(v)
SymbolTable:
v --> 6
Print output:
FileTable:
HeapTable:

threadID: 1
ExeStack:
print(v)
(while(v-4)(print(v);v=(v-1)))
v=(v-1)
print(v)
SymbolTable:
v --> 6
Print output:
FileTable:
HeapTable:

threadID: 1
ExeStack:
print(v)
(while(v-4)(print(v);v=(v-1)))
v=(v-1)
SymbolTable:
v --> 6
Print output:
6
FileTable:
HeapTable:

threadID: 1
ExeStack:
print(v)
(while(v-4)(print(v);v=(v-1)))
v=(v-1)
SymbolTable:
v --> 6
Print output:
6
FileTable:
HeapTable:

threadID: 1
ExeStack:
print(v)
(while(v-4)(print(v);v=(v-1)))
SymbolTable:
v --> 5
Print output:
6
FileTable:
HeapTable:

threadID: 1
ExeStack:
print(v)
(while(v-4)(print(v);v=(v-1)))
SymbolTable:
v --> 5
Print output:
6
FileTable:
HeapTable:

threadID: 1
ExeStack:
print(v)
(while(v-4)(print(v);v=(v-1)))
v=(v-1)
print(v)
SymbolTable:
v --> 5
Print output:
6
FileTable:
HeapTable:

threadID: 1
ExeStack:
print(v)
(while(v-4)(print(v);v=(v-1)))
v=(v-1)
print(v)
SymbolTable:
v --> 5
Print output:
6
FileTable:
HeapTable:

threadID: 1
ExeStack:
print(v)
(while(v-4)(print(v);v=(v-1)))
v=(v-1)
SymbolTable:
v --> 5
Print output:
6
5
FileTable:
HeapTable:

threadID: 1
ExeStack:
print(v)
(while(v-4)(print(v);v=(v-1)))
v=(v-1)
SymbolTable:
v --> 5
Print output:
6
5
FileTable:
HeapTable:

threadID: 1
ExeStack:
print(v)
(while(v-4)(print(v);v=(v-1)))
SymbolTable:
v --> 4
Print output:
6
5
FileTable:
HeapTable:

threadID: 1
ExeStack:
print(v)
(while(v-4)(print(v);v=(v-1)))
SymbolTable:
v --> 4
Print output:
6
5
FileTable:
HeapTable:

threadID: 1
ExeStack:
print(v)
SymbolTable:
v --> 4
Print output:
6
5
FileTable:
HeapTable:

threadID: 1
ExeStack:
print(v)
SymbolTable:
v --> 4
Print output:
6
5
FileTable:
HeapTable:

threadID: 1
ExeStack:
SymbolTable:
v --> 4
Print output:
6
5
4
FileTable:
HeapTable:

