
threadID: 1
ExeStack:
(a=(2-2);(IF(a)THEN(v=2)ELSE(v=3);print(v)))
SymbolTable:
Print output:
FileTable:
HeapTable:

threadID: 1
ExeStack:
(IF(a)THEN(v=2)ELSE(v=3);print(v))
a=(2-2)
SymbolTable:
Print output:
FileTable:
HeapTable:

threadID: 1
ExeStack:
(IF(a)THEN(v=2)ELSE(v=3);print(v))
a=(2-2)
SymbolTable:
Print output:
FileTable:
HeapTable:

threadID: 1
ExeStack:
(IF(a)THEN(v=2)ELSE(v=3);print(v))
SymbolTable:
a --> 0
Print output:
FileTable:
HeapTable:

threadID: 1
ExeStack:
(IF(a)THEN(v=2)ELSE(v=3);print(v))
SymbolTable:
a --> 0
Print output:
FileTable:
HeapTable:

threadID: 1
ExeStack:
print(v)
IF(a)THEN(v=2)ELSE(v=3)
SymbolTable:
a --> 0
Print output:
FileTable:
HeapTable:

threadID: 1
ExeStack:
print(v)
IF(a)THEN(v=2)ELSE(v=3)
SymbolTable:
a --> 0
Print output:
FileTable:
HeapTable:

threadID: 1
ExeStack:
print(v)
v=3
SymbolTable:
a --> 0
Print output:
FileTable:
HeapTable:

threadID: 1
ExeStack:
print(v)
v=3
SymbolTable:
a --> 0
Print output:
FileTable:
HeapTable:

threadID: 1
ExeStack:
print(v)
SymbolTable:
a --> 0
v --> 3
Print output:
FileTable:
HeapTable:

threadID: 1
ExeStack:
print(v)
SymbolTable:
a --> 0
v --> 3
Print output:
FileTable:
HeapTable:

threadID: 1
ExeStack:
SymbolTable:
a --> 0
v --> 3
Print output:
3
FileTable:
HeapTable:

